Your Requested /api/register || Error: Your Requested /api/register || Wed Oct 23 2024 15:38:06 GMT+0600 (Bangladesh Standard Time)
Your Requested /api/register || Error: Your Requested /api/register || Wed Oct 23 2024 15:48:52 GMT+0600 (Bangladesh Standard Time)
Your Requested /api/login || Error: Your Requested /api/login || Wed Oct 23 2024 15:51:57 GMT+0600 (Bangladesh Standard Time)
Your Requested /api/login || Error: Your Requested /api/login || Wed Oct 23 2024 15:53:02 GMT+0600 (Bangladesh Standard Time)
Your Requested / || Error: Your Requested / || Wed Oct 23 2024 16:20:12 GMT+0600 (Bangladesh Standard Time)
Your Requested / || Error: Your Requested / || Wed Oct 23 2024 16:21:12 GMT+0600 (Bangladesh Standard Time)
Your Requested / || Error: Your Requested / || Wed Oct 23 2024 16:21:13 GMT+0600 (Bangladesh Standard Time)
Your Requested / || Error: Your Requested / || Wed Oct 23 2024 16:21:43 GMT+0600 (Bangladesh Standard Time)
Your Requested /hi || Error: Your Requested /hi || Wed Oct 23 2024 16:22:41 GMT+0600 (Bangladesh Standard Time)
Your Requested /hi || Error: Your Requested /hi || Wed Oct 23 2024 16:23:18 GMT+0600 (Bangladesh Standard Time)
Your Requested /api/login || Error: Your Requested /api/login || Wed Oct 23 2024 17:12:24 GMT+0600 (Bangladesh Standard Time)
Your Requested /favicon.ico || Error: Your Requested /favicon.ico || Fri Oct 25 2024 20:14:53 GMT+0600 (Bangladesh Standard Time)
Your Requested /favicon.ico || Error: Your Requested /favicon.ico || Mon Oct 28 2024 08:34:38 GMT+0600 (Bangladesh Standard Time)
Your Requested /api/update-product/5435 || Error: Your Requested /api/update-product/5435 || Wed Oct 30 2024 10:32:39 GMT+0600 (Bangladesh Standard Time)
Your Requested /api/product-details/454 || Error: Your Requested /api/product-details/454 || Wed Oct 30 2024 10:34:58 GMT+0600 (Bangladesh Standard Time)
Your Requested /api/products-by-category/ || Error: Your Requested /api/products-by-category/ || Wed Oct 30 2024 10:35:52 GMT+0600 (Bangladesh Standard Time)
Unexpected end of form|| Error: Unexpected end of form|| Thu Oct 31 2024 11:42:24 GMT+0600 (Bangladesh Standard Time)
Unexpected end of form|| Error: Unexpected end of form|| Thu Oct 31 2024 11:42:48 GMT+0600 (Bangladesh Standard Time)
Unexpected end of form|| Error: Unexpected end of form|| Thu Oct 31 2024 11:43:38 GMT+0600 (Bangladesh Standard Time)
Unexpected end of form|| Error: Unexpected end of form|| Thu Oct 31 2024 11:46:54 GMT+0600 (Bangladesh Standard Time)
Unexpected end of form|| Error: Unexpected end of form|| Thu Oct 31 2024 11:49:00 GMT+0600 (Bangladesh Standard Time)
Unexpected end of form|| Error: Unexpected end of form|| Thu Oct 31 2024 11:49:10 GMT+0600 (Bangladesh Standard Time)
Unexpected end of form|| Error: Unexpected end of form|| Thu Oct 31 2024 11:50:27 GMT+0600 (Bangladesh Standard Time)
Unexpected end of form|| Error: Unexpected end of form|| Thu Oct 31 2024 11:50:28 GMT+0600 (Bangladesh Standard Time)
Unexpected end of form|| Error: Unexpected end of form|| Thu Oct 31 2024 11:50:46 GMT+0600 (Bangladesh Standard Time)
Unexpected end of form|| Error: Unexpected end of form|| Thu Oct 31 2024 11:52:12 GMT+0600 (Bangladesh Standard Time)
Unexpected end of form|| Error: Unexpected end of form|| Thu Oct 31 2024 11:52:54 GMT+0600 (Bangladesh Standard Time)
Unexpected end of form|| Error: Unexpected end of form|| Thu Oct 31 2024 11:54:46 GMT+0600 (Bangladesh Standard Time)
Unexpected end of form|| Error: Unexpected end of form|| Thu Oct 31 2024 11:55:24 GMT+0600 (Bangladesh Standard Time)
Unexpected end of form|| Error: Unexpected end of form|| Thu Oct 31 2024 11:55:52 GMT+0600 (Bangladesh Standard Time)
Unexpected end of form|| Error: Unexpected end of form|| Thu Oct 31 2024 11:56:21 GMT+0600 (Bangladesh Standard Time)
Unexpected end of form|| Error: Unexpected end of form|| Thu Oct 31 2024 11:58:00 GMT+0600 (Bangladesh Standard Time)
Unexpected end of form|| Error: Unexpected end of form|| Thu Oct 31 2024 12:00:54 GMT+0600 (Bangladesh Standard Time)
Unexpected end of form|| Error: Unexpected end of form|| Thu Oct 31 2024 12:01:25 GMT+0600 (Bangladesh Standard Time)
Unexpected end of form|| Error: Unexpected end of form|| Thu Oct 31 2024 12:05:46 GMT+0600 (Bangladesh Standard Time)
Unexpected end of form|| Error: Unexpected end of form|| Thu Oct 31 2024 12:06:23 GMT+0600 (Bangladesh Standard Time)
Unexpected end of form|| Error: Unexpected end of form|| Thu Oct 31 2024 12:08:46 GMT+0600 (Bangladesh Standard Time)
Unexpected end of form|| Error: Unexpected end of form|| Thu Oct 31 2024 12:14:33 GMT+0600 (Bangladesh Standard Time)
Unexpected end of form|| Error: Unexpected end of form|| Thu Oct 31 2024 12:15:37 GMT+0600 (Bangladesh Standard Time)
Unexpected end of form|| Error: Unexpected end of form|| Thu Oct 31 2024 12:18:04 GMT+0600 (Bangladesh Standard Time)
Unexpected end of form|| Error: Unexpected end of form|| Thu Oct 31 2024 12:19:47 GMT+0600 (Bangladesh Standard Time)
Unexpected end of form|| Error: Unexpected end of form|| Thu Oct 31 2024 12:20:14 GMT+0600 (Bangladesh Standard Time)
Unexpected end of form|| Error: Unexpected end of form|| Thu Oct 31 2024 12:20:32 GMT+0600 (Bangladesh Standard Time)
Unexpected end of form|| Error: Unexpected end of form|| Thu Oct 31 2024 12:21:43 GMT+0600 (Bangladesh Standard Time)
Unexpected end of form|| Error: Unexpected end of form|| Thu Oct 31 2024 12:22:33 GMT+0600 (Bangladesh Standard Time)
Unexpected end of form|| Error: Unexpected end of form|| Thu Oct 31 2024 12:23:37 GMT+0600 (Bangladesh Standard Time)
Unexpected end of form|| Error: Unexpected end of form|| Thu Oct 31 2024 12:25:08 GMT+0600 (Bangladesh Standard Time)
Unexpected end of form|| Error: Unexpected end of form|| Thu Oct 31 2024 12:26:04 GMT+0600 (Bangladesh Standard Time)
Unexpected end of form|| Error: Unexpected end of form|| Thu Oct 31 2024 12:36:55 GMT+0600 (Bangladesh Standard Time)
Unexpected end of form|| Error: Unexpected end of form|| Thu Oct 31 2024 12:38:10 GMT+0600 (Bangladesh Standard Time)
Unexpected end of form|| Error: Unexpected end of form|| Thu Oct 31 2024 12:39:44 GMT+0600 (Bangladesh Standard Time)
Unexpected end of form|| Error: Unexpected end of form|| Thu Oct 31 2024 12:39:48 GMT+0600 (Bangladesh Standard Time)
Unexpected end of form|| Error: Unexpected end of form|| Thu Oct 31 2024 12:42:49 GMT+0600 (Bangladesh Standard Time)
Unexpected end of form|| Error: Unexpected end of form|| Thu Oct 31 2024 12:43:51 GMT+0600 (Bangladesh Standard Time)
Unexpected end of form|| Error: Unexpected end of form|| Thu Oct 31 2024 12:47:23 GMT+0600 (Bangladesh Standard Time)
Unexpected end of form|| Error: Unexpected end of form|| Thu Oct 31 2024 12:50:37 GMT+0600 (Bangladesh Standard Time)
Unexpected end of form|| Error: Unexpected end of form|| Thu Oct 31 2024 12:51:01 GMT+0600 (Bangladesh Standard Time)
Unexpected end of form|| Error: Unexpected end of form|| Thu Oct 31 2024 12:51:10 GMT+0600 (Bangladesh Standard Time)
Unexpected end of form|| Error: Unexpected end of form|| Thu Oct 31 2024 12:51:54 GMT+0600 (Bangladesh Standard Time)
Unexpected end of form|| Error: Unexpected end of form|| Thu Oct 31 2024 12:52:14 GMT+0600 (Bangladesh Standard Time)
Unexpected end of form|| Error: Unexpected end of form|| Thu Oct 31 2024 12:52:38 GMT+0600 (Bangladesh Standard Time)
Unexpected end of form|| Error: Unexpected end of form|| Thu Oct 31 2024 12:53:13 GMT+0600 (Bangladesh Standard Time)
Unexpected end of form|| Error: Unexpected end of form|| Thu Oct 31 2024 12:53:54 GMT+0600 (Bangladesh Standard Time)
Unexpected end of form|| Error: Unexpected end of form|| Thu Oct 31 2024 12:53:58 GMT+0600 (Bangladesh Standard Time)
Unexpected end of form|| Error: Unexpected end of form|| Thu Oct 31 2024 12:59:49 GMT+0600 (Bangladesh Standard Time)
Unexpected end of form|| Error: Unexpected end of form|| Thu Oct 31 2024 12:59:55 GMT+0600 (Bangladesh Standard Time)
Your Requested /api/add-products || Error: Your Requested /api/add-products || Thu Oct 31 2024 13:00:24 GMT+0600 (Bangladesh Standard Time)
Unexpected end of form|| Error: Unexpected end of form|| Thu Oct 31 2024 13:00:59 GMT+0600 (Bangladesh Standard Time)
Your Requested /api || Error: Your Requested /api || Sat Nov 02 2024 10:46:08 GMT+0600 (Bangladesh Standard Time)
Your Requested /api || Error: Your Requested /api || Sat Nov 02 2024 11:10:23 GMT+0600 (Bangladesh Standard Time)
Your Requested /user || Error: Your Requested /user || Sat Nov 02 2024 14:42:15 GMT+0600 (Bangladesh Standard Time)
Your Requested /login || Error: Your Requested /login || Sat Nov 02 2024 14:42:53 GMT+0600 (Bangladesh Standard Time)
Your Requested /products/ || Error: Your Requested /products/ || Sat Nov 02 2024 14:43:12 GMT+0600 (Bangladesh Standard Time)
Your Requested /api/update-to-cart/566 || Error: Your Requested /api/update-to-cart/566 || Sat Nov 02 2024 15:19:31 GMT+0600 (Bangladesh Standard Time)
Your Requested /api/delete-to-cart/67249e8651e34714ffcf3073 || Error: Your Requested /api/delete-to-cart/67249e8651e34714ffcf3073 || Sat Nov 02 2024 18:11:48 GMT+0600 (Bangladesh Standard Time)
Your Requested /api/delete-to-cart/67249e8651e34714ffcf3073 || Error: Your Requested /api/delete-to-cart/67249e8651e34714ffcf3073 || Sat Nov 02 2024 18:12:17 GMT+0600 (Bangladesh Standard Time)
Your Requested /api/delete-to-cart/67249e8651e34714ffcf3073 || Error: Your Requested /api/delete-to-cart/67249e8651e34714ffcf3073 || Sat Nov 02 2024 18:12:56 GMT+0600 (Bangladesh Standard Time)
Your Requested /api/get-order-details/6727ab3518d3e76419ab0a94 || Error: Your Requested /api/get-order-details/6727ab3518d3e76419ab0a94 || Mon Nov 04 2024 10:19:31 GMT+0600 (Bangladesh Standard Time)
Your Requested /api/get-order-details/6727ab3518d3e76419ab0a94 || Error: Your Requested /api/get-order-details/6727ab3518d3e76419ab0a94 || Mon Nov 04 2024 10:21:37 GMT+0600 (Bangladesh Standard Time)
Your Requested /api/shop-products/business==tire || Error: Your Requested /api/shop-products/business==tire || Mon Nov 04 2024 14:07:38 GMT+0600 (Bangladesh Standard Time)
Your Requested /api/product-details/6724a36751e34714ffcf307e || Error: Your Requested /api/product-details/6724a36751e34714ffcf307e || Mon Nov 04 2024 15:25:18 GMT+0600 (Bangladesh Standard Time)
Your Requested /product-details/123 || Error: Your Requested /product-details/123 || Mon Nov 04 2024 16:28:33 GMT+0600 (Bangladesh Standard Time)
Your Requested /favicon.ico || Error: Your Requested /favicon.ico || Tue Nov 05 2024 08:43:20 GMT+0600 (Bangladesh Standard Time)
Your Requested /api/add-to-wish/67249e8651e34714ffcf3073 || Error: Your Requested /api/add-to-wish/67249e8651e34714ffcf3073 || Tue Nov 05 2024 08:58:35 GMT+0600 (Bangladesh Standard Time)
Your Requested /api/add-to-wish/67249e8651e34714ffcf3073 || Error: Your Requested /api/add-to-wish/67249e8651e34714ffcf3073 || Tue Nov 05 2024 09:01:52 GMT+0600 (Bangladesh Standard Time)
Your Requested /api/reset-password || Error: Your Requested /api/reset-password || Tue Nov 05 2024 17:36:28 GMT+0600 (Bangladesh Standard Time)
Your Requested /api/reset-password || Error: Your Requested /api/reset-password || Tue Nov 05 2024 17:36:53 GMT+0600 (Bangladesh Standard Time)
Your Requested /api/reset-password || Error: Your Requested /api/reset-password || Tue Nov 05 2024 17:37:23 GMT+0600 (Bangladesh Standard Time)
Your Requested /api/reset-password || Error: Your Requested /api/reset-password || Tue Nov 05 2024 17:37:51 GMT+0600 (Bangladesh Standard Time)
Your Requested /api/reset-password || Error: Your Requested /api/reset-password || Tue Nov 05 2024 17:38:36 GMT+0600 (Bangladesh Standard Time)
Your Requested /api/reset-password || Error: Your Requested /api/reset-password || Tue Nov 05 2024 17:38:37 GMT+0600 (Bangladesh Standard Time)
